Using pre-set license
Built from '2020.2/release' branch; Version is '2020.2.1f1 (270dd8c3da1c) revision 2559448'; Using compiler version '192528614'; Build Type 'Release'
OS: 'Windows 10  (10.0.0) 64bit' Language: 'en' Physical Memory: 16344 MB
BatchMode: 1, IsHumanControllingUs: 0, StartBugReporterOnCrash: 0, Is64bit: 1, IsPro: 0

 COMMAND LINE ARGUMENTS:
D:\Program Files (x86)\Unity Editor\2020.2.1f1\Editor\Unity.exe
-adb2
-batchMode
-noUpm
-name
AssetImportWorker0
-projectPath
C:/Users/james/Desktop/Last Semester UnityProject/Last-Semester-Game/Anabella
-logFile
Logs/AssetImportWorker0.log
-srvPort
65434
Successfully changed project path to: C:/Users/james/Desktop/Last Semester UnityProject/Last-Semester-Game/Anabella
C:/Users/james/Desktop/Last Semester UnityProject/Last-Semester-Game/Anabella
Using Asset Import Pipeline V2.
Refreshing native plugins compatible for Editor in 37.57 ms, found 1 plugins.
Preloading 0 native plugins for Editor in 0.00 ms.
Initialize engine version: 2020.2.1f1 (270dd8c3da1c)
[Subsystems] Discovering subsystems at path D:/Program Files (x86)/Unity Editor/2020.2.1f1/Editor/Data/Resources/UnitySubsystems
[Subsystems] Discovering subsystems at path C:/Users/james/Desktop/Last Semester UnityProject/Last-Semester-Game/Anabella/Assets
GfxDevice: creating device client; threaded=0
Direct3D:
    Version:  Direct3D 11.0 [level 11.1]
    Renderer: Radeon (TM) RX 480 Graphics (ID=0x67df)
    Vendor:   
    VRAM:     8171 MB
    Driver:   27.20.14501.28009
Initialize mono
Mono path[0] = 'D:/Program Files (x86)/Unity Editor/2020.2.1f1/Editor/Data/Managed'
Mono path[1] = 'D:/Program Files (x86)/Unity Editor/2020.2.1f1/Editor/Data/MonoBleedingEdge/lib/mono/unityjit'
Mono config path = 'D:/Program Files (x86)/Unity Editor/2020.2.1f1/Editor/Data/MonoBleedingEdge/etc'
Using monoOptions --debugger-agent=transport=dt_socket,embedding=1,server=y,suspend=n,address=127.0.0.1:56872
Begin MonoManager ReloadAssembly
Registering precompiled unity dll's ...
Register platform support module: D:/Program Files (x86)/Unity Editor/2020.2.1f1/Editor/Data/PlaybackEngines/WindowsStandaloneSupport/UnityEditor.WindowsStandalone.Extensions.dll
Registered in 0.003517 seconds.
Native extension for WindowsStandalone target not found
Refreshing native plugins compatible for Editor in 30.08 ms, found 1 plugins.
Preloading 0 native plugins for Editor in 0.00 ms.
Unable to find bridge dll in registry for Microsoft Visual Studio Tools for Unity for C:\Program Files (x86)\Microsoft Visual Studio\2019\Community\Common7\IDE\devenv.exe
Invoked RoslynAnalysisRunner static constructor.
RoslynAnalysisRunner will not be running.
RoslynAnalysisRunner has terminated.
Mono: successfully reloaded assembly
- Completed reload, in  1.128 seconds
Platform modules already initialized, skipping
Registering precompiled user dll's ...
Registered in 0.000954 seconds.
Begin MonoManager ReloadAssembly
Native extension for WindowsStandalone target not found
Refreshing native plugins compatible for Editor in 31.15 ms, found 1 plugins.
Preloading 0 native plugins for Editor in 0.00 ms.
Invoked RoslynAnalysisRunner static constructor.
RoslynAnalysisRunner will not be running.
RoslynAnalysisRunner has terminated.
Mono: successfully reloaded assembly
- Completed reload, in  0.822 seconds
Platform modules already initialized, skipping
========================================================================
Worker process is ready to serve import requests
Launched and connected shader compiler UnityShaderCompiler.exe after 0.09 seconds
Refreshing native plugins compatible for Editor in 0.29 ms, found 1 plugins.
Preloading 0 native plugins for Editor in 0.00 ms.
Unloading 1771 Unused Serialized files (Serialized files now loaded: 0)
System memory in use before: 83.6 MB.
System memory in use after: 83.7 MB.

Unloading 19 unused Assets to reduce memory usage. Loaded Objects now: 2215.
Total: 1.991600 ms (FindLiveObjects: 0.281900 ms CreateObjectMapping: 0.175800 ms MarkObjects: 1.492000 ms  DeleteObjects: 0.041000 ms)

========================================================================
Received Import Request.
  path: Assets/Scenes/LevelOne.unity
  artifactKey: Guid(297132473d9264707a7bede804328c7c) Importer(815301076,1909f56bfc062723c751e8b465ee728b)
Start importing Assets/Scenes/LevelOne.unity using Guid(297132473d9264707a7bede804328c7c) Importer(815301076,1909f56bfc062723c751e8b465ee728b)  -> (artifact id: '10c6c305804b44cd22a318ca9d3cd0d9') in 0.032216 seconds
  Import took 0.034601 seconds .

========================================================================
Received Prepare
Registering precompiled user dll's ...
Registered in 0.000883 seconds.
Begin MonoManager ReloadAssembly
Native extension for WindowsStandalone target not found
Refreshing native plugins compatible for Editor in 0.29 ms, found 1 plugins.
Preloading 0 native plugins for Editor in 0.00 ms.
Invoked RoslynAnalysisRunner static constructor.
RoslynAnalysisRunner will not be running.
RoslynAnalysisRunner has terminated.
Mono: successfully reloaded assembly
- Completed reload, in  0.780 seconds
Platform modules already initialized, skipping
Refreshing native plugins compatible for Editor in 0.29 ms, found 1 plugins.
Preloading 0 native plugins for Editor in 0.00 ms.
Unloading 1761 Unused Serialized files (Serialized files now loaded: 0)
System memory in use before: 83.3 MB.
System memory in use after: 83.4 MB.

Unloading 8 unused Assets to reduce memory usage. Loaded Objects now: 2217.
Total: 1.428300 ms (FindLiveObjects: 0.145200 ms CreateObjectMapping: 0.053200 ms MarkObjects: 1.215100 ms  DeleteObjects: 0.014100 ms)

========================================================================
Received Prepare
Registering precompiled user dll's ...
Registered in 0.000951 seconds.
Begin MonoManager ReloadAssembly
Native extension for WindowsStandalone target not found
Refreshing native plugins compatible for Editor in 0.30 ms, found 1 plugins.
Preloading 0 native plugins for Editor in 0.00 ms.
Invoked RoslynAnalysisRunner static constructor.
RoslynAnalysisRunner will not be running.
RoslynAnalysisRunner has terminated.
Mono: successfully reloaded assembly
- Completed reload, in  0.807 seconds
Platform modules already initialized, skipping
Refreshing native plugins compatible for Editor in 0.29 ms, found 1 plugins.
Preloading 0 native plugins for Editor in 0.00 ms.
Unloading 1761 Unused Serialized files (Serialized files now loaded: 0)
System memory in use before: 83.4 MB.
System memory in use after: 83.5 MB.

Unloading 8 unused Assets to reduce memory usage. Loaded Objects now: 2219.
Total: 1.569300 ms (FindLiveObjects: 0.207000 ms CreateObjectMapping: 0.054400 ms MarkObjects: 1.291600 ms  DeleteObjects: 0.015100 ms)

========================================================================
Received Prepare
Registering precompiled user dll's ...
Registered in 0.000975 seconds.
Begin MonoManager ReloadAssembly
Native extension for WindowsStandalone target not found
Refreshing native plugins compatible for Editor in 0.29 ms, found 1 plugins.
Preloading 0 native plugins for Editor in 0.00 ms.
Invoked RoslynAnalysisRunner static constructor.
RoslynAnalysisRunner will not be running.
RoslynAnalysisRunner has terminated.
Mono: successfully reloaded assembly
- Completed reload, in  0.769 seconds
Platform modules already initialized, skipping
Refreshing native plugins compatible for Editor in 0.29 ms, found 1 plugins.
Preloading 0 native plugins for Editor in 0.00 ms.
Unloading 1761 Unused Serialized files (Serialized files now loaded: 0)
System memory in use before: 83.5 MB.
System memory in use after: 83.6 MB.

Unloading 8 unused Assets to reduce memory usage. Loaded Objects now: 2221.
Total: 1.618400 ms (FindLiveObjects: 0.172900 ms CreateObjectMapping: 0.067400 ms MarkObjects: 1.361400 ms  DeleteObjects: 0.015500 ms)

========================================================================
Received Prepare
Registering precompiled user dll's ...
Registered in 0.000947 seconds.
Begin MonoManager ReloadAssembly
Native extension for WindowsStandalone target not found
Refreshing native plugins compatible for Editor in 0.36 ms, found 1 plugins.
Preloading 0 native plugins for Editor in 0.00 ms.
Invoked RoslynAnalysisRunner static constructor.
RoslynAnalysisRunner will not be running.
RoslynAnalysisRunner has terminated.
Mono: successfully reloaded assembly
- Completed reload, in  0.790 seconds
Platform modules already initialized, skipping
Refreshing native plugins compatible for Editor in 0.29 ms, found 1 plugins.
Preloading 0 native plugins for Editor in 0.00 ms.
Unloading 1761 Unused Serialized files (Serialized files now loaded: 0)
System memory in use before: 83.6 MB.
System memory in use after: 83.7 MB.

Unloading 8 unused Assets to reduce memory usage. Loaded Objects now: 2223.
Total: 1.516100 ms (FindLiveObjects: 0.157200 ms CreateObjectMapping: 0.057600 ms MarkObjects: 1.285400 ms  DeleteObjects: 0.014800 ms)

========================================================================
Received Prepare
Registering precompiled user dll's ...
Registered in 0.000839 seconds.
Begin MonoManager ReloadAssembly
Native extension for WindowsStandalone target not found
Refreshing native plugins compatible for Editor in 0.30 ms, found 1 plugins.
Preloading 0 native plugins for Editor in 0.00 ms.
Invoked RoslynAnalysisRunner static constructor.
RoslynAnalysisRunner will not be running.
RoslynAnalysisRunner has terminated.
Mono: successfully reloaded assembly
- Completed reload, in  0.727 seconds
Platform modules already initialized, skipping
Refreshing native plugins compatible for Editor in 0.26 ms, found 1 plugins.
Preloading 0 native plugins for Editor in 0.00 ms.
Unloading 1761 Unused Serialized files (Serialized files now loaded: 0)
System memory in use before: 83.6 MB.
System memory in use after: 83.8 MB.

Unloading 8 unused Assets to reduce memory usage. Loaded Objects now: 2225.
Total: 1.526800 ms (FindLiveObjects: 0.209200 ms CreateObjectMapping: 0.068600 ms MarkObjects: 1.234700 ms  DeleteObjects: 0.013400 ms)

========================================================================
Received Prepare
Registering precompiled user dll's ...
Registered in 0.000869 seconds.
Begin MonoManager ReloadAssembly
Native extension for WindowsStandalone target not found
Refreshing native plugins compatible for Editor in 0.30 ms, found 1 plugins.
Preloading 0 native plugins for Editor in 0.00 ms.
Invoked RoslynAnalysisRunner static constructor.
RoslynAnalysisRunner will not be running.
RoslynAnalysisRunner has terminated.
Mono: successfully reloaded assembly
- Completed reload, in  0.741 seconds
Platform modules already initialized, skipping
Refreshing native plugins compatible for Editor in 0.28 ms, found 1 plugins.
Preloading 0 native plugins for Editor in 0.00 ms.
Unloading 1761 Unused Serialized files (Serialized files now loaded: 0)
System memory in use before: 83.7 MB.
System memory in use after: 83.8 MB.

Unloading 8 unused Assets to reduce memory usage. Loaded Objects now: 2227.
Total: 1.576900 ms (FindLiveObjects: 0.146300 ms CreateObjectMapping: 0.051000 ms MarkObjects: 1.366000 ms  DeleteObjects: 0.013000 ms)

========================================================================
Received Prepare
Registering precompiled user dll's ...
Registered in 0.000871 seconds.
Begin MonoManager ReloadAssembly
Native extension for WindowsStandalone target not found
Refreshing native plugins compatible for Editor in 0.28 ms, found 1 plugins.
Preloading 0 native plugins for Editor in 0.00 ms.
Invoked RoslynAnalysisRunner static constructor.
RoslynAnalysisRunner will not be running.
RoslynAnalysisRunner has terminated.
Mono: successfully reloaded assembly
- Completed reload, in  0.731 seconds
Platform modules already initialized, skipping
Refreshing native plugins compatible for Editor in 0.27 ms, found 1 plugins.
Preloading 0 native plugins for Editor in 0.00 ms.
Unloading 1761 Unused Serialized files (Serialized files now loaded: 0)
System memory in use before: 83.8 MB.
System memory in use after: 83.9 MB.

Unloading 8 unused Assets to reduce memory usage. Loaded Objects now: 2229.
Total: 1.464500 ms (FindLiveObjects: 0.130200 ms CreateObjectMapping: 0.047000 ms MarkObjects: 1.274300 ms  DeleteObjects: 0.012400 ms)

========================================================================
Received Prepare
Registering precompiled user dll's ...
Registered in 0.000878 seconds.
Begin MonoManager ReloadAssembly
Native extension for WindowsStandalone target not found
Refreshing native plugins compatible for Editor in 0.29 ms, found 1 plugins.
Preloading 0 native plugins for Editor in 0.00 ms.
Invoked RoslynAnalysisRunner static constructor.
RoslynAnalysisRunner will not be running.
RoslynAnalysisRunner has terminated.
Mono: successfully reloaded assembly
- Completed reload, in  0.737 seconds
Platform modules already initialized, skipping
Refreshing native plugins compatible for Editor in 0.29 ms, found 1 plugins.
Preloading 0 native plugins for Editor in 0.00 ms.
Unloading 1761 Unused Serialized files (Serialized files now loaded: 0)
System memory in use before: 83.8 MB.
System memory in use after: 84.0 MB.

Unloading 8 unused Assets to reduce memory usage. Loaded Objects now: 2231.
Total: 1.439000 ms (FindLiveObjects: 0.159700 ms CreateObjectMapping: 0.055000 ms MarkObjects: 1.210900 ms  DeleteObjects: 0.012700 ms)

========================================================================
Received Import Request.
  Time since last request: 472.250166 seconds.
  path: ProjectSettings/TagManager.asset
  artifactKey: Guid(00000000000000003000000000000000) Importer(815301076,1909f56bfc062723c751e8b465ee728b)
Start importing ProjectSettings/TagManager.asset using Guid(00000000000000003000000000000000) Importer(815301076,1909f56bfc062723c751e8b465ee728b)  -> (artifact id: 'b2955da85d3b65607aca3b748ae5f757') in 0.038562 seconds
  Import took 0.041109 seconds .

========================================================================
Received Import Request.
  Time since last request: 32.630162 seconds.
  path: ProjectSettings/TagManager.asset
  artifactKey: Guid(00000000000000003000000000000000) Importer(815301076,1909f56bfc062723c751e8b465ee728b)
Start importing ProjectSettings/TagManager.asset using Guid(00000000000000003000000000000000) Importer(815301076,1909f56bfc062723c751e8b465ee728b)  -> (artifact id: '5cedaab3170b3db33cba6c4c6f968de5') in 0.002839 seconds
  Import took 0.005296 seconds .

========================================================================
Received Import Request.
  Time since last request: 0.002688 seconds.
  path: ProjectSettings/TagManager.asset
  artifactKey: Guid(00000000000000003000000000000000) Importer(815301076,1909f56bfc062723c751e8b465ee728b)
Start importing ProjectSettings/TagManager.asset using Guid(00000000000000003000000000000000) Importer(815301076,1909f56bfc062723c751e8b465ee728b)  -> (artifact id: '5cedaab3170b3db33cba6c4c6f968de5') in 0.005890 seconds
  Import took 0.008220 seconds .

========================================================================
Received Prepare
Registering precompiled user dll's ...
Registered in 0.000855 seconds.
Begin MonoManager ReloadAssembly
Native extension for WindowsStandalone target not found
Refreshing native plugins compatible for Editor in 0.30 ms, found 1 plugins.
Preloading 0 native plugins for Editor in 0.00 ms.
Invoked RoslynAnalysisRunner static constructor.
RoslynAnalysisRunner will not be running.
RoslynAnalysisRunner has terminated.
Mono: successfully reloaded assembly
- Completed reload, in  0.720 seconds
Platform modules already initialized, skipping
Refreshing native plugins compatible for Editor in 0.29 ms, found 1 plugins.
Preloading 0 native plugins for Editor in 0.00 ms.
Unloading 1761 Unused Serialized files (Serialized files now loaded: 0)
System memory in use before: 83.9 MB.
System memory in use after: 84.0 MB.

Unloading 11 unused Assets to reduce memory usage. Loaded Objects now: 2233.
Total: 1.396200 ms (FindLiveObjects: 0.135600 ms CreateObjectMapping: 0.049700 ms MarkObjects: 1.196900 ms  DeleteObjects: 0.013200 ms)

========================================================================
Received Import Request.
  Time since last request: 17.739267 seconds.
  path: Assets/Scripts/soulSpawner.cs
  artifactKey: Guid(7693bc641353b451cb636cc6f44eb00f) Importer(815301076,1909f56bfc062723c751e8b465ee728b)
Start importing Assets/Scripts/soulSpawner.cs using Guid(7693bc641353b451cb636cc6f44eb00f) Importer(815301076,1909f56bfc062723c751e8b465ee728b)  -> (artifact id: '6f4dae5ad6630548e7442df8902529f0') in 0.015836 seconds
  Import took 0.018973 seconds .

========================================================================
Received Import Request.
  Time since last request: 0.649744 seconds.
  path: Assets/Scripts/Movement.cs
  artifactKey: Guid(894e0fd3f42a6410a8a4a3c70fe66ce5) Importer(815301076,1909f56bfc062723c751e8b465ee728b)
Start importing Assets/Scripts/Movement.cs using Guid(894e0fd3f42a6410a8a4a3c70fe66ce5) Importer(815301076,1909f56bfc062723c751e8b465ee728b)  -> (artifact id: '930b9c005d1aeb63c146fa4b3b79c3b7') in 0.005961 seconds
  Import took 0.008272 seconds .

========================================================================
Received Import Request.
  Time since last request: 0.018280 seconds.
  path: Assets/Scripts/Movement.cs
  artifactKey: Guid(894e0fd3f42a6410a8a4a3c70fe66ce5) Importer(815301076,1909f56bfc062723c751e8b465ee728b)
Start importing Assets/Scripts/Movement.cs using Guid(894e0fd3f42a6410a8a4a3c70fe66ce5) Importer(815301076,1909f56bfc062723c751e8b465ee728b)  -> (artifact id: '930b9c005d1aeb63c146fa4b3b79c3b7') in 0.002664 seconds
  Import took 0.004945 seconds .

========================================================================
Received Import Request.
  Time since last request: 1.328451 seconds.
  path: Assets/Scripts/BunnyScripts.cs
  artifactKey: Guid(be62ee01e502c4808b6e4b0d2dff2b3b) Importer(815301076,1909f56bfc062723c751e8b465ee728b)
Start importing Assets/Scripts/BunnyScripts.cs using Guid(be62ee01e502c4808b6e4b0d2dff2b3b) Importer(815301076,1909f56bfc062723c751e8b465ee728b)  -> (artifact id: '11448321a8377793e79c094422e346c4') in 0.006864 seconds
  Import took 0.009370 seconds .

========================================================================
Received Import Request.
  Time since last request: 103.371482 seconds.
  path: Assets/Tile Palette/Outdoor Ground.prefab
  artifactKey: Guid(f1d55259c92ae354282af5b9b3bbac1e) Importer(815301076,1909f56bfc062723c751e8b465ee728b)
Start importing Assets/Tile Palette/Outdoor Ground.prefab using Guid(f1d55259c92ae354282af5b9b3bbac1e) Importer(815301076,1909f56bfc062723c751e8b465ee728b)  -> (artifact id: '4f587266db7ffa6803a148050f5602ef') in 0.023930 seconds
  Import took 0.026469 seconds .

========================================================================
Received Import Request.
  Time since last request: 0.000157 seconds.
  path: Assets/Tile Palette/Outdoor Objects.prefab
  artifactKey: Guid(824141048aceaa6408fc83efb715d334) Importer(815301076,1909f56bfc062723c751e8b465ee728b)
Start importing Assets/Tile Palette/Outdoor Objects.prefab using Guid(824141048aceaa6408fc83efb715d334) Importer(815301076,1909f56bfc062723c751e8b465ee728b)  -> (artifact id: '009a2459ca9798a09e9a151c5a293d4e') in 0.007841 seconds
  Import took 0.010901 seconds .

========================================================================
Received Import Request.
  Time since last request: 52.253768 seconds.
  path: Assets/Sprites/soulidle.png
  artifactKey: Guid(f73f84005110e4b5f9f5c8ea24be8291) Importer(815301076,1909f56bfc062723c751e8b465ee728b)
Start importing Assets/Sprites/soulidle.png using Guid(f73f84005110e4b5f9f5c8ea24be8291) Importer(815301076,1909f56bfc062723c751e8b465ee728b)  -> (artifact id: '3358404182b3077fe2d9e2469c3eb9da') in 0.152052 seconds
  Import took 0.154605 seconds .

========================================================================
Received Prepare
Registering precompiled user dll's ...
Registered in 0.000874 seconds.
Begin MonoManager ReloadAssembly
Native extension for WindowsStandalone target not found
Refreshing native plugins compatible for Editor in 0.30 ms, found 1 plugins.
Preloading 0 native plugins for Editor in 0.00 ms.
Invoked RoslynAnalysisRunner static constructor.
RoslynAnalysisRunner will not be running.
RoslynAnalysisRunner has terminated.
Mono: successfully reloaded assembly
- Completed reload, in  0.729 seconds
Platform modules already initialized, skipping
Refreshing native plugins compatible for Editor in 0.28 ms, found 1 plugins.
Preloading 0 native plugins for Editor in 0.00 ms.
Unloading 1761 Unused Serialized files (Serialized files now loaded: 0)
System memory in use before: 87.1 MB.
System memory in use after: 87.2 MB.

Unloading 8 unused Assets to reduce memory usage. Loaded Objects now: 2266.
Total: 1.523100 ms (FindLiveObjects: 0.140500 ms CreateObjectMapping: 0.049900 ms MarkObjects: 1.319600 ms  DeleteObjects: 0.012300 ms)

========================================================================
Received Import Request.
  Time since last request: 2.424091 seconds.
  path: Assets/Sprites/Outdoors
  artifactKey: Guid(5ed607294308240ebb21aa34b031e602) Importer(815301076,1909f56bfc062723c751e8b465ee728b)
Start importing Assets/Sprites/Outdoors using Guid(5ed607294308240ebb21aa34b031e602) Importer(815301076,1909f56bfc062723c751e8b465ee728b)  -> (artifact id: '2cd4e89ef94e987417c86a3bfc3548f6') in 0.009825 seconds
  Import took 0.012233 seconds .

========================================================================
Received Import Request.
  Time since last request: 0.113380 seconds.
  path: Assets/Sprites/Outdoors/grass_2.psd
  artifactKey: Guid(bb152effefdbf4e02bab2ba1e0a9d103) Importer(815301076,1909f56bfc062723c751e8b465ee728b)
Start importing Assets/Sprites/Outdoors/grass_2.psd using Guid(bb152effefdbf4e02bab2ba1e0a9d103) Importer(815301076,1909f56bfc062723c751e8b465ee728b)  -> (artifact id: 'cce4abb221b90311a42691b521da170a') in 0.126463 seconds
  Import took 0.128933 seconds .

========================================================================
Received Import Request.
  Time since last request: 0.000145 seconds.
  path: Assets/Sprites/Outdoors/jawbreaker_tiles.png
  artifactKey: Guid(149cf899b40504619b9fede3135838ef) Importer(815301076,1909f56bfc062723c751e8b465ee728b)
Start importing Assets/Sprites/Outdoors/jawbreaker_tiles.png using Guid(149cf899b40504619b9fede3135838ef) Importer(815301076,1909f56bfc062723c751e8b465ee728b)  -> (artifact id: '0d5e177d326f152fe21c9bca6a1bac29') in 0.016572 seconds
  Import took 0.019079 seconds .

========================================================================
Received Import Request.
  Time since last request: 0.000137 seconds.
  path: Assets/Sprites/Outdoors/jawbreaker_sample.png
  artifactKey: Guid(8126d18b267734ddb873552f8ddff27f) Importer(815301076,1909f56bfc062723c751e8b465ee728b)
Start importing Assets/Sprites/Outdoors/jawbreaker_sample.png using Guid(8126d18b267734ddb873552f8ddff27f) Importer(815301076,1909f56bfc062723c751e8b465ee728b)  -> (artifact id: '34dfb92eab19c3da17e241dc30942e1d') in 0.073808 seconds
  Import took 0.076593 seconds .

========================================================================
Received Import Request.
  Time since last request: 0.000152 seconds.
  path: Assets/Sprites/Outdoors/OutdoorsObjects.png
  artifactKey: Guid(16464582056034327a79bf2ef6beb579) Importer(815301076,1909f56bfc062723c751e8b465ee728b)
Start importing Assets/Sprites/Outdoors/OutdoorsObjects.png using Guid(16464582056034327a79bf2ef6beb579) Importer(815301076,1909f56bfc062723c751e8b465ee728b)  -> (artifact id: 'ca699486ac398a382cddd20a8dce5438') in 0.038112 seconds
  Import took 0.040699 seconds .

========================================================================
Received Import Request.
  Time since last request: 0.000135 seconds.
  path: Assets/Sprites/Outdoors/OutdoorsGround.png
  artifactKey: Guid(422cc91b672954450b52216e001ab7d7) Importer(815301076,1909f56bfc062723c751e8b465ee728b)
Start importing Assets/Sprites/Outdoors/OutdoorsGround.png using Guid(422cc91b672954450b52216e001ab7d7) Importer(815301076,1909f56bfc062723c751e8b465ee728b)  -> (artifact id: '9ef94ea993878f3f1a29ce32cf6c546c') in 0.021196 seconds
  Import took 0.023502 seconds .

========================================================================
Received Import Request.
  Time since last request: 115.170576 seconds.
  path: Assets/Sprites/Outdoors/OutdoorsObjects.png
  artifactKey: Guid(16464582056034327a79bf2ef6beb579) Importer(815301076,1909f56bfc062723c751e8b465ee728b)
Start importing Assets/Sprites/Outdoors/OutdoorsObjects.png using Guid(16464582056034327a79bf2ef6beb579) Importer(815301076,1909f56bfc062723c751e8b465ee728b)  -> (artifact id: '06664d465ebbe61119676a9e4f24c5a0') in 0.035585 seconds
  Import took 0.038249 seconds .

========================================================================
Received Import Request.
  Time since last request: 64.144667 seconds.
  path: Assets/Sprites/Outdoors/OutdoorsObjects.png
  artifactKey: Guid(16464582056034327a79bf2ef6beb579) Importer(815301076,1909f56bfc062723c751e8b465ee728b)
Start importing Assets/Sprites/Outdoors/OutdoorsObjects.png using Guid(16464582056034327a79bf2ef6beb579) Importer(815301076,1909f56bfc062723c751e8b465ee728b)  -> (artifact id: '208f48b2c841c09fa36a0a6958eb2ab9') in 0.038931 seconds
  Import took 0.041957 seconds .

========================================================================
Received Import Request.
  Time since last request: 42.547053 seconds.
  path: Assets/Sprites/Outdoors/OutdoorsObjects.png
  artifactKey: Guid(16464582056034327a79bf2ef6beb579) Importer(815301076,1909f56bfc062723c751e8b465ee728b)
Start importing Assets/Sprites/Outdoors/OutdoorsObjects.png using Guid(16464582056034327a79bf2ef6beb579) Importer(815301076,1909f56bfc062723c751e8b465ee728b)  -> (artifact id: '601e2be10fb3bd314e5005924d7384b0') in 0.035888 seconds
  Import took 0.038487 seconds .

========================================================================
Received Prepare
Registering precompiled user dll's ...
Registered in 0.000889 seconds.
Begin MonoManager ReloadAssembly
Native extension for WindowsStandalone target not found
Refreshing native plugins compatible for Editor in 0.29 ms, found 1 plugins.
Preloading 0 native plugins for Editor in 0.00 ms.
Invoked RoslynAnalysisRunner static constructor.
RoslynAnalysisRunner will not be running.
RoslynAnalysisRunner has terminated.
Mono: successfully reloaded assembly
- Completed reload, in  0.738 seconds
Platform modules already initialized, skipping
Refreshing native plugins compatible for Editor in 0.29 ms, found 1 plugins.
Preloading 0 native plugins for Editor in 0.00 ms.
Unloading 1761 Unused Serialized files (Serialized files now loaded: 0)
System memory in use before: 87.2 MB.
System memory in use after: 87.3 MB.

Unloading 8 unused Assets to reduce memory usage. Loaded Objects now: 2280.
Total: 1.454300 ms (FindLiveObjects: 0.144700 ms CreateObjectMapping: 0.052500 ms MarkObjects: 1.242500 ms  DeleteObjects: 0.013700 ms)

========================================================================
Received Prepare
Registering precompiled user dll's ...
Registered in 0.000972 seconds.
Begin MonoManager ReloadAssembly
Native extension for WindowsStandalone target not found
Refreshing native plugins compatible for Editor in 0.30 ms, found 1 plugins.
Preloading 0 native plugins for Editor in 0.00 ms.
Invoked RoslynAnalysisRunner static constructor.
RoslynAnalysisRunner will not be running.
RoslynAnalysisRunner has terminated.
Mono: successfully reloaded assembly
- Completed reload, in  0.774 seconds
Platform modules already initialized, skipping
Refreshing native plugins compatible for Editor in 0.28 ms, found 1 plugins.
Preloading 0 native plugins for Editor in 0.00 ms.
Unloading 1761 Unused Serialized files (Serialized files now loaded: 0)
System memory in use before: 87.3 MB.
System memory in use after: 87.4 MB.

Unloading 8 unused Assets to reduce memory usage. Loaded Objects now: 2282.
Total: 1.507800 ms (FindLiveObjects: 0.162900 ms CreateObjectMapping: 0.058300 ms MarkObjects: 1.270500 ms  DeleteObjects: 0.014800 ms)

========================================================================
Received Prepare
Registering precompiled user dll's ...
Registered in 0.000989 seconds.
Begin MonoManager ReloadAssembly
Native extension for WindowsStandalone target not found
Refreshing native plugins compatible for Editor in 0.60 ms, found 1 plugins.
Preloading 0 native plugins for Editor in 0.00 ms.
Invoked RoslynAnalysisRunner static constructor.
RoslynAnalysisRunner will not be running.
RoslynAnalysisRunner has terminated.
Mono: successfully reloaded assembly
- Completed reload, in  0.770 seconds
Platform modules already initialized, skipping
Refreshing native plugins compatible for Editor in 0.28 ms, found 1 plugins.
Preloading 0 native plugins for Editor in 0.00 ms.
Unloading 1761 Unused Serialized files (Serialized files now loaded: 0)
System memory in use before: 87.4 MB.
System memory in use after: 87.5 MB.

Unloading 8 unused Assets to reduce memory usage. Loaded Objects now: 2284.
Total: 1.526700 ms (FindLiveObjects: 0.154000 ms CreateObjectMapping: 0.057900 ms MarkObjects: 1.300500 ms  DeleteObjects: 0.013500 ms)

========================================================================
Received Prepare
Registering precompiled user dll's ...
Registered in 0.000951 seconds.
Begin MonoManager ReloadAssembly
Native extension for WindowsStandalone target not found
Refreshing native plugins compatible for Editor in 0.30 ms, found 1 plugins.
Preloading 0 native plugins for Editor in 0.00 ms.
Invoked RoslynAnalysisRunner static constructor.
RoslynAnalysisRunner will not be running.
RoslynAnalysisRunner has terminated.
Mono: successfully reloaded assembly
- Completed reload, in  0.765 seconds
Platform modules already initialized, skipping
Refreshing native plugins compatible for Editor in 0.28 ms, found 1 plugins.
Preloading 0 native plugins for Editor in 0.00 ms.
Unloading 1761 Unused Serialized files (Serialized files now loaded: 0)
System memory in use before: 87.4 MB.
System memory in use after: 87.5 MB.

Unloading 8 unused Assets to reduce memory usage. Loaded Objects now: 2286.
Total: 1.533900 ms (FindLiveObjects: 0.218800 ms CreateObjectMapping: 0.076300 ms MarkObjects: 1.224400 ms  DeleteObjects: 0.013500 ms)

========================================================================
Received Prepare
Registering precompiled user dll's ...
Registered in 0.000870 seconds.
Begin MonoManager ReloadAssembly
Native extension for WindowsStandalone target not found
Refreshing native plugins compatible for Editor in 0.29 ms, found 1 plugins.
Preloading 0 native plugins for Editor in 0.00 ms.
Invoked RoslynAnalysisRunner static constructor.
RoslynAnalysisRunner will not be running.
RoslynAnalysisRunner has terminated.
Mono: successfully reloaded assembly
- Completed reload, in  0.725 seconds
Platform modules already initialized, skipping
Refreshing native plugins compatible for Editor in 0.28 ms, found 1 plugins.
Preloading 0 native plugins for Editor in 0.00 ms.
Unloading 1761 Unused Serialized files (Serialized files now loaded: 0)
System memory in use before: 87.5 MB.
System memory in use after: 87.6 MB.

Unloading 8 unused Assets to reduce memory usage. Loaded Objects now: 2288.
Total: 1.530600 ms (FindLiveObjects: 0.148400 ms CreateObjectMapping: 0.053200 ms MarkObjects: 1.315000 ms  DeleteObjects: 0.013200 ms)

========================================================================
Received Prepare
Registering precompiled user dll's ...
Registered in 0.000880 seconds.
Begin MonoManager ReloadAssembly
Native extension for WindowsStandalone target not found
Refreshing native plugins compatible for Editor in 0.71 ms, found 1 plugins.
Preloading 0 native plugins for Editor in 0.00 ms.
Invoked RoslynAnalysisRunner static constructor.
RoslynAnalysisRunner will not be running.
RoslynAnalysisRunner has terminated.
Mono: successfully reloaded assembly
- Completed reload, in  0.770 seconds
Platform modules already initialized, skipping
Refreshing native plugins compatible for Editor in 0.29 ms, found 1 plugins.
Preloading 0 native plugins for Editor in 0.00 ms.
Unloading 1761 Unused Serialized files (Serialized files now loaded: 0)
System memory in use before: 87.5 MB.
System memory in use after: 87.6 MB.

Unloading 8 unused Assets to reduce memory usage. Loaded Objects now: 2290.
Total: 1.485500 ms (FindLiveObjects: 0.158100 ms CreateObjectMapping: 0.054000 ms MarkObjects: 1.259400 ms  DeleteObjects: 0.013100 ms)

========================================================================
Received Prepare
Registering precompiled user dll's ...
Registered in 0.000887 seconds.
Begin MonoManager ReloadAssembly
Native extension for WindowsStandalone target not found
Refreshing native plugins compatible for Editor in 0.33 ms, found 1 plugins.
Preloading 0 native plugins for Editor in 0.00 ms.
Invoked RoslynAnalysisRunner static constructor.
RoslynAnalysisRunner will not be running.
RoslynAnalysisRunner has terminated.
Mono: successfully reloaded assembly
- Completed reload, in  0.771 seconds
Platform modules already initialized, skipping
Refreshing native plugins compatible for Editor in 0.29 ms, found 1 plugins.
Preloading 0 native plugins for Editor in 0.00 ms.
Unloading 1761 Unused Serialized files (Serialized files now loaded: 0)
System memory in use before: 87.6 MB.
System memory in use after: 87.8 MB.

Unloading 8 unused Assets to reduce memory usage. Loaded Objects now: 2292.
Total: 1.883500 ms (FindLiveObjects: 0.194900 ms CreateObjectMapping: 0.163400 ms MarkObjects: 1.506800 ms  DeleteObjects: 0.016900 ms)

========================================================================
Received Prepare
Registering precompiled user dll's ...
Registered in 0.000903 seconds.
Begin MonoManager ReloadAssembly
Native extension for WindowsStandalone target not found
Refreshing native plugins compatible for Editor in 0.38 ms, found 1 plugins.
Preloading 0 native plugins for Editor in 0.00 ms.
Invoked RoslynAnalysisRunner static constructor.
RoslynAnalysisRunner will not be running.
RoslynAnalysisRunner has terminated.
Mono: successfully reloaded assembly
- Completed reload, in  0.776 seconds
Platform modules already initialized, skipping
Refreshing native plugins compatible for Editor in 0.32 ms, found 1 plugins.
Preloading 0 native plugins for Editor in 0.00 ms.
Unloading 1761 Unused Serialized files (Serialized files now loaded: 0)
System memory in use before: 87.7 MB.
System memory in use after: 87.8 MB.

Unloading 8 unused Assets to reduce memory usage. Loaded Objects now: 2294.
Total: 1.472300 ms (FindLiveObjects: 0.153800 ms CreateObjectMapping: 0.058700 ms MarkObjects: 1.245100 ms  DeleteObjects: 0.013800 ms)

========================================================================
Received Prepare
Registering precompiled user dll's ...
Registered in 0.000892 seconds.
Begin MonoManager ReloadAssembly
Native extension for WindowsStandalone target not found
Refreshing native plugins compatible for Editor in 0.29 ms, found 1 plugins.
Preloading 0 native plugins for Editor in 0.00 ms.
Invoked RoslynAnalysisRunner static constructor.
RoslynAnalysisRunner will not be running.
RoslynAnalysisRunner has terminated.
Mono: successfully reloaded assembly
- Completed reload, in  0.752 seconds
Platform modules already initialized, skipping
Refreshing native plugins compatible for Editor in 0.30 ms, found 1 plugins.
Preloading 0 native plugins for Editor in 0.00 ms.
Unloading 1761 Unused Serialized files (Serialized files now loaded: 0)
System memory in use before: 87.8 MB.
System memory in use after: 87.9 MB.

Unloading 8 unused Assets to reduce memory usage. Loaded Objects now: 2296.
Total: 1.490900 ms (FindLiveObjects: 0.149900 ms CreateObjectMapping: 0.054900 ms MarkObjects: 1.271600 ms  DeleteObjects: 0.013700 ms)

AssetImportWorkerClient::OnTransportError - code=2 error=End of file
