Using pre-set license
Built from '2020.2/release' branch; Version is '2020.2.1f1 (270dd8c3da1c) revision 2559448'; Using compiler version '192528614'; Build Type 'Release'
OS: 'Windows 10  (10.0.0) 64bit' Language: 'en' Physical Memory: 32682 MB
BatchMode: 1, IsHumanControllingUs: 0, StartBugReporterOnCrash: 0, Is64bit: 1, IsPro: 0

 COMMAND LINE ARGUMENTS:
C:\Program Files\Unity\Hub\Editor\2020.2.1f1\Editor\Unity.exe
-adb2
-batchMode
-noUpm
-name
AssetImportWorker0
-projectPath
C:/Users/jacob/Documents/GitHub/Last-Semester-Game/Anabella
-logFile
Logs/AssetImportWorker0.log
-srvPort
63595
Successfully changed project path to: C:/Users/jacob/Documents/GitHub/Last-Semester-Game/Anabella
C:/Users/jacob/Documents/GitHub/Last-Semester-Game/Anabella
Using Asset Import Pipeline V2.
Refreshing native plugins compatible for Editor in 25.48 ms, found 1 plugins.
Preloading 0 native plugins for Editor in 0.00 ms.
Initialize engine version: 2020.2.1f1 (270dd8c3da1c)
[Subsystems] Discovering subsystems at path C:/Program Files/Unity/Hub/Editor/2020.2.1f1/Editor/Data/Resources/UnitySubsystems
[Subsystems] Discovering subsystems at path C:/Users/jacob/Documents/GitHub/Last-Semester-Game/Anabella/Assets
GfxDevice: creating device client; threaded=0
Direct3D:
    Version:  Direct3D 11.0 [level 11.1]
    Renderer: NVIDIA GeForce RTX 3080 (ID=0x2206)
    Vendor:   
    VRAM:     10078 MB
    Driver:   27.21.14.6140
Initialize mono
Mono path[0] = 'C:/Program Files/Unity/Hub/Editor/2020.2.1f1/Editor/Data/Managed'
Mono path[1] = 'C:/Program Files/Unity/Hub/Editor/2020.2.1f1/Editor/Data/MonoBleedingEdge/lib/mono/unityjit'
Mono config path = 'C:/Program Files/Unity/Hub/Editor/2020.2.1f1/Editor/Data/MonoBleedingEdge/etc'
Using monoOptions --debugger-agent=transport=dt_socket,embedding=1,server=y,suspend=n,address=127.0.0.1:56668
Begin MonoManager ReloadAssembly
Registering precompiled unity dll's ...
Register platform support module: C:/Program Files/Unity/Hub/Editor/2020.2.1f1/Editor/Data/PlaybackEngines/WindowsStandaloneSupport/UnityEditor.WindowsStandalone.Extensions.dll
Registered in 0.001329 seconds.
Native extension for WindowsStandalone target not found
Refreshing native plugins compatible for Editor in 25.12 ms, found 1 plugins.
Preloading 0 native plugins for Editor in 0.00 ms.
Invoked RoslynAnalysisRunner static constructor.
RoslynAnalysisRunner will not be running.
RoslynAnalysisRunner has terminated.
Mono: successfully reloaded assembly
- Completed reload, in  1.415 seconds
Platform modules already initialized, skipping
Registering precompiled user dll's ...
Registered in 0.000568 seconds.
Begin MonoManager ReloadAssembly
Native extension for WindowsStandalone target not found
Refreshing native plugins compatible for Editor in 26.81 ms, found 1 plugins.
Preloading 0 native plugins for Editor in 0.00 ms.
Invoked RoslynAnalysisRunner static constructor.
RoslynAnalysisRunner will not be running.
RoslynAnalysisRunner has terminated.
Mono: successfully reloaded assembly
- Completed reload, in  0.673 seconds
Platform modules already initialized, skipping
========================================================================
Worker process is ready to serve import requests
Launched and connected shader compiler UnityShaderCompiler.exe after 0.05 seconds
Refreshing native plugins compatible for Editor in 0.34 ms, found 1 plugins.
Preloading 0 native plugins for Editor in 0.00 ms.
Unloading 1771 Unused Serialized files (Serialized files now loaded: 0)
System memory in use before: 83.1 MB.
System memory in use after: 83.2 MB.

Unloading 19 unused Assets to reduce memory usage. Loaded Objects now: 2215.
Total: 1.928400 ms (FindLiveObjects: 0.301000 ms CreateObjectMapping: 0.060400 ms MarkObjects: 1.520600 ms  DeleteObjects: 0.045300 ms)

========================================================================
Received Import Request.
  path: Assets/Scenes/LevelOne.unity
  artifactKey: Guid(297132473d9264707a7bede804328c7c) Importer(815301076,1909f56bfc062723c751e8b465ee728b)
Start importing Assets/Scenes/LevelOne.unity using Guid(297132473d9264707a7bede804328c7c) Importer(815301076,1909f56bfc062723c751e8b465ee728b)  -> (artifact id: '10c6c305804b44cd22a318ca9d3cd0d9') in 0.014523 seconds
  Import took 0.016955 seconds .

========================================================================
Received Import Request.
  Time since last request: 319.333273 seconds.
  path: Assets/Scripts
  artifactKey: Guid(32324f816e5cf40a7b3b928a2a54ce02) Importer(815301076,1909f56bfc062723c751e8b465ee728b)
Start importing Assets/Scripts using Guid(32324f816e5cf40a7b3b928a2a54ce02) Importer(815301076,1909f56bfc062723c751e8b465ee728b)  -> (artifact id: '0f5d4506cb96bf62018107082d615e39') in 0.005419 seconds
  Import took 0.007938 seconds .

========================================================================
Received Import Request.
  Time since last request: 5.121519 seconds.
  path: Assets/Tile Palette/Outdoor Ground.prefab
  artifactKey: Guid(f1d55259c92ae354282af5b9b3bbac1e) Importer(815301076,1909f56bfc062723c751e8b465ee728b)
Start importing Assets/Tile Palette/Outdoor Ground.prefab using Guid(f1d55259c92ae354282af5b9b3bbac1e) Importer(815301076,1909f56bfc062723c751e8b465ee728b)  -> (artifact id: '5adf78af5304e3198af818e4d704f7c6') in 0.028987 seconds
  Import took 0.031364 seconds .

========================================================================
Received Import Request.
  Time since last request: 549.545902 seconds.
  path: Assets/Tile Palette/Outdoor Objects.prefab
  artifactKey: Guid(824141048aceaa6408fc83efb715d334) Importer(815301076,1909f56bfc062723c751e8b465ee728b)
Start importing Assets/Tile Palette/Outdoor Objects.prefab using Guid(824141048aceaa6408fc83efb715d334) Importer(815301076,1909f56bfc062723c751e8b465ee728b)  -> (artifact id: 'bee95eb07f57109438334eb2d6e4c03d') in 0.006866 seconds
  Import took 0.009472 seconds .

========================================================================
Received Import Request.
  Time since last request: 0.000915 seconds.
  path: Assets/Tile Palette/Outdoor Objects.prefab
  artifactKey: Guid(824141048aceaa6408fc83efb715d334) Importer(815301076,1909f56bfc062723c751e8b465ee728b)
Start importing Assets/Tile Palette/Outdoor Objects.prefab using Guid(824141048aceaa6408fc83efb715d334) Importer(815301076,1909f56bfc062723c751e8b465ee728b)  -> (artifact id: 'bee95eb07f57109438334eb2d6e4c03d') in 0.002888 seconds
  Import took 0.004692 seconds .

========================================================================
Received Prepare
Registering precompiled user dll's ...
Registered in 0.000661 seconds.
Begin MonoManager ReloadAssembly
Native extension for WindowsStandalone target not found
Refreshing native plugins compatible for Editor in 0.32 ms, found 1 plugins.
Preloading 0 native plugins for Editor in 0.00 ms.
Invoked RoslynAnalysisRunner static constructor.
RoslynAnalysisRunner will not be running.
RoslynAnalysisRunner has terminated.
Mono: successfully reloaded assembly
- Completed reload, in  0.547 seconds
Platform modules already initialized, skipping
Refreshing native plugins compatible for Editor in 0.15 ms, found 1 plugins.
Preloading 0 native plugins for Editor in 0.00 ms.
Unloading 1761 Unused Serialized files (Serialized files now loaded: 0)
System memory in use before: 82.8 MB.
System memory in use after: 82.9 MB.

Unloading 8 unused Assets to reduce memory usage. Loaded Objects now: 2217.
Total: 1.684500 ms (FindLiveObjects: 0.291400 ms CreateObjectMapping: 0.055400 ms MarkObjects: 1.323600 ms  DeleteObjects: 0.013100 ms)

========================================================================
Received Prepare
Registering precompiled user dll's ...
Registered in 0.000781 seconds.
Begin MonoManager ReloadAssembly
Native extension for WindowsStandalone target not found
Refreshing native plugins compatible for Editor in 0.37 ms, found 1 plugins.
Preloading 0 native plugins for Editor in 0.00 ms.
Invoked RoslynAnalysisRunner static constructor.
RoslynAnalysisRunner will not be running.
RoslynAnalysisRunner has terminated.
Mono: successfully reloaded assembly
- Completed reload, in  0.567 seconds
Platform modules already initialized, skipping
Refreshing native plugins compatible for Editor in 0.23 ms, found 1 plugins.
Preloading 0 native plugins for Editor in 0.00 ms.
Unloading 1761 Unused Serialized files (Serialized files now loaded: 0)
System memory in use before: 82.9 MB.
System memory in use after: 83.0 MB.

Unloading 8 unused Assets to reduce memory usage. Loaded Objects now: 2219.
Total: 1.637900 ms (FindLiveObjects: 0.173100 ms CreateObjectMapping: 0.035300 ms MarkObjects: 1.415900 ms  DeleteObjects: 0.012900 ms)

========================================================================
Received Prepare
Registering precompiled user dll's ...
Registered in 0.000974 seconds.
Begin MonoManager ReloadAssembly
Native extension for WindowsStandalone target not found
Refreshing native plugins compatible for Editor in 0.32 ms, found 1 plugins.
Preloading 0 native plugins for Editor in 0.00 ms.
Invoked RoslynAnalysisRunner static constructor.
RoslynAnalysisRunner will not be running.
RoslynAnalysisRunner has terminated.
Mono: successfully reloaded assembly
- Completed reload, in  0.523 seconds
Platform modules already initialized, skipping
Refreshing native plugins compatible for Editor in 0.14 ms, found 1 plugins.
Preloading 0 native plugins for Editor in 0.00 ms.
Unloading 1761 Unused Serialized files (Serialized files now loaded: 0)
System memory in use before: 83.0 MB.
System memory in use after: 83.1 MB.

Unloading 8 unused Assets to reduce memory usage. Loaded Objects now: 2221.
Total: 1.690800 ms (FindLiveObjects: 0.153500 ms CreateObjectMapping: 0.034200 ms MarkObjects: 1.485900 ms  DeleteObjects: 0.016500 ms)

========================================================================
Received Prepare
Registering precompiled user dll's ...
Registered in 0.000601 seconds.
Begin MonoManager ReloadAssembly
Native extension for WindowsStandalone target not found
Refreshing native plugins compatible for Editor in 0.38 ms, found 1 plugins.
Preloading 0 native plugins for Editor in 0.00 ms.
Invoked RoslynAnalysisRunner static constructor.
RoslynAnalysisRunner will not be running.
RoslynAnalysisRunner has terminated.
Mono: successfully reloaded assembly
- Completed reload, in  0.527 seconds
Platform modules already initialized, skipping
Refreshing native plugins compatible for Editor in 0.24 ms, found 1 plugins.
Preloading 0 native plugins for Editor in 0.00 ms.
Unloading 1761 Unused Serialized files (Serialized files now loaded: 0)
System memory in use before: 83.1 MB.
System memory in use after: 83.2 MB.

Unloading 8 unused Assets to reduce memory usage. Loaded Objects now: 2223.
Total: 1.683100 ms (FindLiveObjects: 0.307100 ms CreateObjectMapping: 0.053100 ms MarkObjects: 1.309100 ms  DeleteObjects: 0.013000 ms)

========================================================================
Received Prepare
Registering precompiled user dll's ...
Registered in 0.000723 seconds.
Begin MonoManager ReloadAssembly
Native extension for WindowsStandalone target not found
Refreshing native plugins compatible for Editor in 0.34 ms, found 1 plugins.
Preloading 0 native plugins for Editor in 0.00 ms.
Invoked RoslynAnalysisRunner static constructor.
RoslynAnalysisRunner will not be running.
RoslynAnalysisRunner has terminated.
Mono: successfully reloaded assembly
- Completed reload, in  0.523 seconds
Platform modules already initialized, skipping
Refreshing native plugins compatible for Editor in 0.14 ms, found 1 plugins.
Preloading 0 native plugins for Editor in 0.00 ms.
Unloading 1761 Unused Serialized files (Serialized files now loaded: 0)
System memory in use before: 83.2 MB.
System memory in use after: 83.3 MB.

Unloading 8 unused Assets to reduce memory usage. Loaded Objects now: 2225.
Total: 1.444800 ms (FindLiveObjects: 0.168800 ms CreateObjectMapping: 0.036300 ms MarkObjects: 1.226700 ms  DeleteObjects: 0.012100 ms)

========================================================================
Received Prepare
Registering precompiled user dll's ...
Registered in 0.000623 seconds.
Begin MonoManager ReloadAssembly
Native extension for WindowsStandalone target not found
Refreshing native plugins compatible for Editor in 0.33 ms, found 1 plugins.
Preloading 0 native plugins for Editor in 0.00 ms.
Invoked RoslynAnalysisRunner static constructor.
RoslynAnalysisRunner will not be running.
RoslynAnalysisRunner has terminated.
Mono: successfully reloaded assembly
- Completed reload, in  0.524 seconds
Platform modules already initialized, skipping
Refreshing native plugins compatible for Editor in 0.17 ms, found 1 plugins.
Preloading 0 native plugins for Editor in 0.00 ms.
Unloading 1761 Unused Serialized files (Serialized files now loaded: 0)
System memory in use before: 83.2 MB.
System memory in use after: 83.3 MB.

Unloading 8 unused Assets to reduce memory usage. Loaded Objects now: 2227.
Total: 1.524500 ms (FindLiveObjects: 0.191000 ms CreateObjectMapping: 0.042700 ms MarkObjects: 1.277300 ms  DeleteObjects: 0.012100 ms)

========================================================================
Received Import Request.
  Time since last request: 3844.587611 seconds.
  path: Assets/Sprites/Background
  artifactKey: Guid(866a0eda214984930b9ed9c4bc0091d2) Importer(815301076,1909f56bfc062723c751e8b465ee728b)
Start importing Assets/Sprites/Background using Guid(866a0eda214984930b9ed9c4bc0091d2) Importer(815301076,1909f56bfc062723c751e8b465ee728b)  -> (artifact id: 'a163d313a90398b6e4ac162a6c746927') in 0.008625 seconds
  Import took 0.011109 seconds .

========================================================================
Received Import Request.
  Time since last request: 9.563788 seconds.
  path: Assets/Sprites/Outdoors/OutdoorsObjects.png
  artifactKey: Guid(16464582056034327a79bf2ef6beb579) Importer(815301076,1909f56bfc062723c751e8b465ee728b)
Start importing Assets/Sprites/Outdoors/OutdoorsObjects.png using Guid(16464582056034327a79bf2ef6beb579) Importer(815301076,1909f56bfc062723c751e8b465ee728b)  -> (artifact id: 'a3f1b5a46acccdfb7b45910400324967') in 0.135847 seconds
  Import took 0.138523 seconds .

========================================================================
Received Import Request.
  Time since last request: 19.167806 seconds.
  path: Assets/Sprites/Outdoors/OutdoorsGround.png
  artifactKey: Guid(422cc91b672954450b52216e001ab7d7) Importer(815301076,1909f56bfc062723c751e8b465ee728b)
Start importing Assets/Sprites/Outdoors/OutdoorsGround.png using Guid(422cc91b672954450b52216e001ab7d7) Importer(815301076,1909f56bfc062723c751e8b465ee728b)  -> (artifact id: '3cd7e8331b67e2acf827f8f3007ff980') in 0.042099 seconds
  Import took 0.044608 seconds .

========================================================================
Received Import Request.
  Time since last request: 0.799627 seconds.
  path: Assets/Sprites/Outdoors/jawbreaker_tiles.png
  artifactKey: Guid(149cf899b40504619b9fede3135838ef) Importer(815301076,1909f56bfc062723c751e8b465ee728b)
Start importing Assets/Sprites/Outdoors/jawbreaker_tiles.png using Guid(149cf899b40504619b9fede3135838ef) Importer(815301076,1909f56bfc062723c751e8b465ee728b)  -> (artifact id: '0d56481bdba91c5943b8875bfb632386') in 0.028263 seconds
  Import took 0.030634 seconds .

========================================================================
Received Import Request.
  Time since last request: 3.184986 seconds.
  path: Assets/Sprites/Outdoors/jawbreaker_sample.png
  artifactKey: Guid(8126d18b267734ddb873552f8ddff27f) Importer(815301076,1909f56bfc062723c751e8b465ee728b)
Start importing Assets/Sprites/Outdoors/jawbreaker_sample.png using Guid(8126d18b267734ddb873552f8ddff27f) Importer(815301076,1909f56bfc062723c751e8b465ee728b)  -> (artifact id: '44a710ed52b038ba692d1e03fded5c7a') in 0.157999 seconds
  Import took 0.160471 seconds .

AssetImportWorkerClient::OnTransportError - code=2 error=End of file
